<?xml version="1.0" encoding="UTF-8"?>
<testsuite xmlns:xsi="http://www.w3.org/2001/XMLSchema-instance" xsi:noNamespaceSchemaLocation="https://maven.apache.org/surefire/maven-surefire-plugin/xsd/surefire-test-report-3.0.xsd" version="3.0" name="dev.silo.silo_stream.SiloStreamApplicationTests" time="10.829" tests="1" errors="0" skipped="0" failures="0">
  <properties>
[...]
</properties>
  <testcase name="contextLoads" classname="dev.silo.silo_stream.SiloStreamApplicationTests" time="2.146">
    <system-out><![CDATA[14:15:16.640 [main] INFO org.springframework.test.context.support.AnnotationConfigContextLoaderUtils -- Could not detect default configuration classes for test class [dev.silo.silo_stream.SiloStreamApplicationTests]: SiloStreamApplicationTests does not declare any static, non-private, non-final, nested classes annotated with @Configuration.
14:15:16.976 [main] INFO org.springframework.boot.test.context.SpringBootTestContextBootstrapper -- Found @SpringBootConfiguration dev.silo.silo_stream.SiloStreamApplication for test class dev.silo.silo_stream.SiloStreamApplicationTests
14:15:17.397 [main] INFO org.springframework.boot.devtools.restart.RestartApplicationListener -- Restart disabled due to context in which it is running

  .   ____          _            __ _ _
 /\\ / ___'_ __ _ _(_)_ __  __ _ \ \ \ \
( ( )\___ | '_ | '_| | '_ \/ _` | \ \ \ \
 \\/  ___)| |_)| | | | | || (_| |  ) ) ) )
  '  |____| .__|_| |_|_| |_\__, | / / / /
 =========|_|==============|___/=/_/_/_/

 :: Spring Boot ::                (v3.3.5)

2024-10-26T14:15:18.191+05:30  INFO 14248 --- [silo_stream] [           main] d.s.s.SiloStreamApplicationTests         : Starting SiloStreamApplicationTests using Java 22.0.1 with PID 14248 (started by Shankar Ravi in D:\JAVA\silo_stream)
2024-10-26T14:15:18.194+05:30  INFO 14248 --- [silo_stream] [           main] d.s.s.SiloStreamApplicationTests         : No active profile set, falling back to 1 default profile: "default"
2024-10-26T14:15:19.618+05:30  INFO 14248 --- [silo_stream] [           main] .s.d.r.c.RepositoryConfigurationDelegate : Bootstrapping Spring Data MongoDB repositories in DEFAULT mode.
2024-10-26T14:15:19.737+05:30  INFO 14248 --- [silo_stream] [           main] .s.d.r.c.RepositoryConfigurationDelegate : Finished Spring Data repository scanning in 111 ms. Found 2 MongoDB repository interfaces.
2024-10-26T14:15:21.931+05:30  INFO 14248 --- [silo_stream] [           main] org.mongodb.driver.client                : MongoClient with metadata {"driver": {"name": "mongo-java-driver|sync|spring-boot", "version": "5.0.1"}, "os": {"type": "Windows", "name": "Windows 11", "architecture": "amd64", "version": "10.0"}, "platform": "Java/Oracle Corporation/22.0.1+8-16"} created with settings MongoClientSettings{readPreference=primary, writeConcern=WriteConcern{w=null, wTimeout=null ms, journal=null}, retryWrites=true, retryReads=true, readConcern=ReadConcern{level=null}, credential=MongoCredential{mechanism=null, userName='shankaravi', source='admin', password=<hidden>, mechanismProperties=<hidden>}, transportSettings=null, commandListeners=[], codecRegistry=ProvidersCodecRegistry{codecProviders=[ValueCodecProvider{}, BsonValueCodecProvider{}, DBRefCodecProvider{}, DBObjectCodecProvider{}, DocumentCodecProvider{}, CollectionCodecProvider{}, IterableCodecProvider{}, MapCodecProvider{}, GeoJsonCodecProvider{}, GridFSFileCodecProvider{}, Jsr310CodecProvider{}, JsonObjectCodecProvider{}, BsonCodecProvider{}, EnumCodecProvider{}, com.mongodb.client.model.mql.ExpressionCodecProvider@35b17c06, com.mongodb.Jep395RecordCodecProvider@45545e7a, com.mongodb.KotlinCodecProvider@9f674ac]}, loggerSettings=LoggerSettings{maxDocumentLength=1000}, clusterSettings={hosts=[127.0.0.1:27017], srvHost=movies.bfmeh.mongodb.net, srvServiceName=mongodb, mode=MULTIPLE, requiredClusterType=REPLICA_SET, requiredReplicaSetName='atlas-4ofmy1-shard-0', serverSelector='null', clusterListeners='[]', serverSelectionTimeout='30000 ms', localThreshold='15 ms'}, socketSettings=SocketSettings{connectTimeoutMS=10000, readTimeoutMS=0, receiveBufferSize=0, proxySettings=ProxySettings{host=null, port=null, username=null, password=null}}, heartbeatSocketSettings=SocketSettings{connectTimeoutMS=10000, readTimeoutMS=10000, receiveBufferSize=0, proxySettings=ProxySettings{host=null, port=null, username=null, password=null}}, connectionPoolSettings=ConnectionPoolSettings{maxSize=100, minSize=0, maxWaitTimeMS=120000, maxConnectionLifeTimeMS=0, maxConnectionIdleTimeMS=0, maintenanceInitialDelayMS=0, maintenanceFrequencyMS=60000, connectionPoolListeners=[], maxConnecting=2}, serverSettings=ServerSettings{heartbeatFrequencyMS=10000, minHeartbeatFrequencyMS=500, serverListeners='[]', serverMonitorListeners='[]'}, sslSettings=SslSettings{enabled=true, invalidHostNameAllowed=false, context=null}, applicationName='null', compressorList=[], uuidRepresentation=JAVA_LEGACY, serverApi=null, autoEncryptionSettings=null, dnsClient=null, inetAddressResolver=null, contextProvider=null}
2024-10-26T14:15:21.973+05:30  INFO 14248 --- [silo_stream] [meh.mongodb.net] org.mongodb.driver.cluster               : Adding discovered server movies-shard-00-02.bfmeh.mongodb.net:27017 to client view of cluster
2024-10-26T14:15:22.059+05:30  INFO 14248 --- [silo_stream] [meh.mongodb.net] org.mongodb.driver.cluster               : Adding discovered server movies-shard-00-00.bfmeh.mongodb.net:27017 to client view of cluster
2024-10-26T14:15:22.068+05:30  INFO 14248 --- [silo_stream] [meh.mongodb.net] org.mongodb.driver.cluster               : Adding discovered server movies-shard-00-01.bfmeh.mongodb.net:27017 to client view of cluster
2024-10-26T14:15:23.679+05:30  INFO 14248 --- [silo_stream] [ngodb.net:27017] org.mongodb.driver.cluster               : Monitor thread successfully connected to server with description ServerDescription{address=movies-shard-00-00.bfmeh.mongodb.net:27017, type=REPLICA_SET_SECONDARY, state=CONNECTED, ok=true, minWireVersion=0, maxWireVersion=21, maxDocumentSize=16777216, logicalSessionTimeoutMinutes=30, roundTripTimeNanos=878852800, setName='atlas-4ofmy1-shard-0', canonicalAddress=movies-shard-00-00.bfmeh.mongodb.net:27017, hosts=[movies-shard-00-01.bfmeh.mongodb.net:27017, movies-shard-00-02.bfmeh.mongodb.net:27017, movies-shard-00-00.bfmeh.mongodb.net:27017], passives=[], arbiters=[], primary='movies-shard-00-02.bfmeh.mongodb.net:27017', tagSet=TagSet{[Tag{name='availabilityZone', value='aps1-az1'}, Tag{name='diskState', value='READY'}, Tag{name='nodeType', value='ELECTABLE'}, Tag{name='provider', value='AWS'}, Tag{name='region', value='AP_SOUTH_1'}, Tag{name='workloadType', value='OPERATIONAL'}]}, electionId=null, setVersion=76, topologyVersion=TopologyVersion{processId=671becbb4dcb51bfb63669d1, counter=4}, lastWriteDate=Sat Oct 26 14:15:23 IST 2024, lastUpdateTimeNanos=788279038954000}
2024-10-26T14:15:23.706+05:30  INFO 14248 --- [silo_stream] [ngodb.net:27017] org.mongodb.driver.cluster               : Monitor thread successfully connected to server with description ServerDescription{address=movies-shard-00-01.bfmeh.mongodb.net:27017, type=REPLICA_SET_SECONDARY, state=CONNECTED, ok=true, minWireVersion=0, maxWireVersion=21, maxDocumentSize=16777216, logicalSessionTimeoutMinutes=30, roundTripTimeNanos=919430600, setName='atlas-4ofmy1-shard-0', canonicalAddress=movies-shard-00-01.bfmeh.mongodb.net:27017, hosts=[movies-shard-00-01.bfmeh.mongodb.net:27017, movies-shard-00-02.bfmeh.mongodb.net:27017, movies-shard-00-00.bfmeh.mongodb.net:27017], passives=[], arbiters=[], primary='movies-shard-00-02.bfmeh.mongodb.net:27017', tagSet=TagSet{[Tag{name='availabilityZone', value='aps1-az3'}, Tag{name='diskState', value='READY'}, Tag{name='nodeType', value='ELECTABLE'}, Tag{name='provider', value='AWS'}, Tag{name='region', value='AP_SOUTH_1'}, Tag{name='workloadType', value='OPERATIONAL'}]}, electionId=null, setVersion=76, topologyVersion=TopologyVersion{processId=671bf1bae6ab5f858391d06c, counter=3}, lastWriteDate=Sat Oct 26 14:15:23 IST 2024, lastUpdateTimeNanos=788279075707000}
2024-10-26T14:15:23.741+05:30  INFO 14248 --- [silo_stream] [ngodb.net:27017] org.mongodb.driver.cluster               : Monitor thread successfully connected to server with description ServerDescription{address=movies-shard-00-02.bfmeh.mongodb.net:27017, type=REPLICA_SET_PRIMARY, state=CONNECTED, ok=true, minWireVersion=0, maxWireVersion=21, maxDocumentSize=16777216, logicalSessionTimeoutMinutes=30, roundTripTimeNanos=142168900, setName='atlas-4ofmy1-shard-0', canonicalAddress=movies-shard-00-02.bfmeh.mongodb.net:27017, hosts=[movies-shard-00-01.bfmeh.mongodb.net:27017, movies-shard-00-02.bfmeh.mongodb.net:27017, movies-shard-00-00.bfmeh.mongodb.net:27017], passives=[], arbiters=[], primary='movies-shard-00-02.bfmeh.mongodb.net:27017', tagSet=TagSet{[Tag{name='availabilityZone', value='aps1-az2'}, Tag{name='diskState', value='READY'}, Tag{name='nodeType', value='ELECTABLE'}, Tag{name='provider', value='AWS'}, Tag{name='region', value='AP_SOUTH_1'}, Tag{name='workloadType', value='OPERATIONAL'}]}, electionId=7fffffff0000000000000045, setVersion=76, topologyVersion=TopologyVersion{processId=671bef309a165ef53cf3fff2, counter=6}, lastWriteDate=Sat Oct 26 14:15:23 IST 2024, lastUpdateTimeNanos=788279110915500}
2024-10-26T14:15:23.743+05:30  INFO 14248 --- [silo_stream] [ngodb.net:27017] org.mongodb.driver.cluster               : Discovered replica set primary movies-shard-00-02.bfmeh.mongodb.net:27017 with max election id 7fffffff0000000000000045 and max set version 76
2024-10-26T14:15:24.822+05:30  INFO 14248 --- [silo_stream] [           main] d.s.s.SiloStreamApplicationTests         : Started SiloStreamApplicationTests in 7.467 seconds (process running for 9.716)
]]></system-out>
    <system-err><![CDATA[WARNING: A Java agent has been loaded dynamically (C:\Users\ADMIN\.m2\repository\net\bytebuddy\byte-buddy-agent\1.14.19\byte-buddy-agent-1.14.19.jar)
WARNING: If a serviceability tool is in use, please run with -XX:+EnableDynamicAgentLoading to hide this warning
WARNING: If a serviceability tool is not in use, please run with -Djdk.instrument.traceUsage for more information
WARNING: Dynamic loading of agents will be disallowed by default in a future release
]]></system-err>
  </testcase>
</testsuite>